{"/Volumes/DATA/Binar/Module 13/demo-repository/weather-report/source/apiUtils.ts": {"path":"/Volumes/DATA/Binar/Module 13/demo-repository/weather-report/source/apiUtils.ts","statementMap":{"0":{"start":{"line":4,"column":0},"end":{"line":4,"column":16}},"1":{"start":{"line":9,"column":0},"end":{"line":9,"column":16}},"2":{"start":{"line":15,"column":0},"end":{"line":15,"column":16}},"3":{"start":{"line":27,"column":0},"end":{"line":27,"column":16}},"4":{"start":{"line":41,"column":0},"end":{"line":41,"column":16}},"5":{"start":{"line":47,"column":0},"end":{"line":47,"column":16}},"6":{"start":{"line":64,"column":0},"end":{"line":64,"column":16}},"7":{"start":{"line":5,"column":2},"end":{"line":5,"column":42}},"8":{"start":{"line":11,"column":2},"end":{"line":11,"column":26}},"9":{"start":{"line":16,"column":2},"end":{"line":23,"column":3}},"10":{"start":{"line":17,"column":14},"end":{"line":17,"column":62}},"11":{"start":{"line":18,"column":4},"end":{"line":18,"column":125}},"12":{"start":{"line":21,"column":4},"end":{"line":21,"column":41}},"13":{"start":{"line":22,"column":4},"end":{"line":22,"column":14}},"14":{"start":{"line":28,"column":2},"end":{"line":37,"column":3}},"15":{"start":{"line":29,"column":14},"end":{"line":29,"column":77}},"16":{"start":{"line":30,"column":17},"end":{"line":30,"column":32}},"17":{"start":{"line":31,"column":18},"end":{"line":31,"column":64}},"18":{"start":{"line":32,"column":16},"end":{"line":32,"column":55}},"19":{"start":{"line":33,"column":4},"end":{"line":33,"column":37}},"20":{"start":{"line":35,"column":4},"end":{"line":35,"column":51}},"21":{"start":{"line":36,"column":4},"end":{"line":36,"column":26}},"22":{"start":{"line":42,"column":2},"end":{"line":42,"column":42}},"23":{"start":{"line":42,"column":33},"end":{"line":42,"column":42}},"24":{"start":{"line":43,"column":14},"end":{"line":43,"column":63}},"25":{"start":{"line":43,"column":49},"end":{"line":43,"column":59}},"26":{"start":{"line":44,"column":2},"end":{"line":44,"column":35}},"27":{"start":{"line":48,"column":2},"end":{"line":48,"column":42}},"28":{"start":{"line":48,"column":33},"end":{"line":48,"column":42}},"29":{"start":{"line":51,"column":17},"end":{"line":51,"column":56}},"30":{"start":{"line":51,"column":50},"end":{"line":51,"column":55}},"31":{"start":{"line":54,"column":14},"end":{"line":54,"column":43}},"32":{"start":{"line":56,"column":2},"end":{"line":60,"column":3}},"33":{"start":{"line":57,"column":4},"end":{"line":57,"column":47}},"34":{"start":{"line":59,"column":4},"end":{"line":59,"column":23}},"35":{"start":{"line":66,"column":2},"end":{"line":69,"column":4}}},"fnMap":{"0":{"name":"doStuff","decl":{"start":{"line":4,"column":16},"end":{"line":4,"column":23}},"loc":{"start":{"line":4,"column":33},"end":{"line":6,"column":1}}},"1":{"name":"dynamicEval","decl":{"start":{"line":9,"column":16},"end":{"line":9,"column":27}},"loc":{"start":{"line":9,"column":46},"end":{"line":12,"column":1}}},"2":{"name":"formatDate","decl":{"start":{"line":15,"column":16},"end":{"line":15,"column":26}},"loc":{"start":{"line":15,"column":46},"end":{"line":24,"column":1}}},"3":{"name":"dateFormat","decl":{"start":{"line":27,"column":16},"end":{"line":27,"column":26}},"loc":{"start":{"line":27,"column":51},"end":{"line":38,"column":1}}},"4":{"name":"calculateAverageTemperature","decl":{"start":{"line":41,"column":16},"end":{"line":41,"column":43}},"loc":{"start":{"line":41,"column":66},"end":{"line":45,"column":1}}},"5":{"name":"(anonymous_5)","decl":{"start":{"line":43,"column":34},"end":{"line":43,"column":35}},"loc":{"start":{"line":43,"column":49},"end":{"line":43,"column":59}}},"6":{"name":"calculateMedianTemperature","decl":{"start":{"line":47,"column":16},"end":{"line":47,"column":42}},"loc":{"start":{"line":47,"column":65},"end":{"line":61,"column":1}}},"7":{"name":"(anonymous_7)","decl":{"start":{"line":51,"column":40},"end":{"line":51,"column":41}},"loc":{"start":{"line":51,"column":50},"end":{"line":51,"column":55}}},"8":{"name":"getApiCredentials","decl":{"start":{"line":64,"column":16},"end":{"line":64,"column":33}},"loc":{"start":{"line":64,"column":33},"end":{"line":70,"column":1}}}},"branchMap":{"0":{"loc":{"start":{"line":17,"column":14},"end":{"line":17,"column":62}},"type":"cond-expr","locations":[{"start":{"line":17,"column":41},"end":{"line":17,"column":55}},{"start":{"line":17,"column":58},"end":{"line":17,"column":62}}]},"1":{"loc":{"start":{"line":29,"column":14},"end":{"line":29,"column":77}},"type":"cond-expr","locations":[{"start":{"line":29,"column":46},"end":{"line":29,"column":65}},{"start":{"line":29,"column":68},"end":{"line":29,"column":77}}]},"2":{"loc":{"start":{"line":42,"column":2},"end":{"line":42,"column":42}},"type":"if","locations":[{"start":{"line":42,"column":2},"end":{"line":42,"column":42}}]},"3":{"loc":{"start":{"line":48,"column":2},"end":{"line":48,"column":42}},"type":"if","locations":[{"start":{"line":48,"column":2},"end":{"line":48,"column":42}}]},"4":{"loc":{"start":{"line":56,"column":2},"end":{"line":60,"column":3}},"type":"if","locations":[{"start":{"line":56,"column":2},"end":{"line":60,"column":3}},{"start":{"line":58,"column":9},"end":{"line":60,"column":3}}]}},"s":{"0":0,"1":0,"2":0,"3":0,"4":0,"5":0,"6":0,"7":0,"8":0,"9":0,"10":0,"11":0,"12":0,"13":0,"14":0,"15":0,"16":0,"17":0,"18":0,"19":0,"20":0,"21":0,"22":0,"23":0,"24":0,"25":0,"26":0,"27":0,"28":0,"29":0,"30":0,"31":0,"32":0,"33":0,"34":0,"35":0},"f":{"0":0,"1":0,"2":0,"3":0,"4":0,"5":0,"6":0,"7":0,"8":0},"b":{"0":[0,0],"1":[0,0],"2":[0],"3":[0],"4":[0,0]}}
,"/Volumes/DATA/Binar/Module 13/demo-repository/weather-report/source/database.ts": {"path":"/Volumes/DATA/Binar/Module 13/demo-repository/weather-report/source/database.ts","statementMap":{"0":{"start":{"line":31,"column":0},"end":{"line":31,"column":16}},"1":{"start":{"line":49,"column":0},"end":{"line":49,"column":16}},"2":{"start":{"line":85,"column":0},"end":{"line":85,"column":16}},"3":{"start":{"line":112,"column":0},"end":{"line":112,"column":16}},"4":{"start":{"line":20,"column":16},"end":{"line":20,"column":30}},"5":{"start":{"line":23,"column":16},"end":{"line":23,"column":23}},"6":{"start":{"line":24,"column":16},"end":{"line":24,"column":40}},"7":{"start":{"line":27,"column":35},"end":{"line":27,"column":37}},"8":{"start":{"line":28,"column":29},"end":{"line":28,"column":31}},"9":{"start":{"line":29,"column":13},"end":{"line":29,"column":14}},"10":{"start":{"line":33,"column":2},"end":{"line":33,"column":60}},"11":{"start":{"line":35,"column":2},"end":{"line":35,"column":53}},"12":{"start":{"line":38,"column":2},"end":{"line":43,"column":5}},"13":{"start":{"line":45,"column":2},"end":{"line":45,"column":56}},"14":{"start":{"line":51,"column":2},"end":{"line":51,"column":43}},"15":{"start":{"line":53,"column":2},"end":{"line":62,"column":3}},"16":{"start":{"line":55,"column":22},"end":{"line":55,"column":53}},"17":{"start":{"line":56,"column":4},"end":{"line":60,"column":5}},"18":{"start":{"line":57,"column":19},"end":{"line":57,"column":31}},"19":{"start":{"line":59,"column":6},"end":{"line":59,"column":98}},"20":{"start":{"line":59,"column":42},"end":{"line":59,"column":96}},"21":{"start":{"line":61,"column":4},"end":{"line":61,"column":23}},"22":{"start":{"line":64,"column":2},"end":{"line":80,"column":3}},"23":{"start":{"line":66,"column":19},"end":{"line":66,"column":103}},"24":{"start":{"line":67,"column":4},"end":{"line":79,"column":5}},"25":{"start":{"line":68,"column":39},"end":{"line":76,"column":8}},"26":{"start":{"line":77,"column":6},"end":{"line":77,"column":34}},"27":{"start":{"line":78,"column":6},"end":{"line":78,"column":40}},"28":{"start":{"line":82,"column":2},"end":{"line":82,"column":12}},"29":{"start":{"line":87,"column":2},"end":{"line":108,"column":4}},"30":{"start":{"line":89,"column":6},"end":{"line":98,"column":7}},"31":{"start":{"line":90,"column":23},"end":{"line":90,"column":42}},"32":{"start":{"line":91,"column":8},"end":{"line":93,"column":9}},"33":{"start":{"line":92,"column":10},"end":{"line":92,"column":25}},"34":{"start":{"line":95,"column":8},"end":{"line":97,"column":9}},"35":{"start":{"line":96,"column":10},"end":{"line":96,"column":26}},"36":{"start":{"line":101,"column":6},"end":{"line":106,"column":7}},"37":{"start":{"line":102,"column":23},"end":{"line":102,"column":42}},"38":{"start":{"line":103,"column":8},"end":{"line":103,"column":31}},"39":{"start":{"line":105,"column":8},"end":{"line":105,"column":28}},"40":{"start":{"line":113,"column":2},"end":{"line":118,"column":3}},"41":{"start":{"line":114,"column":4},"end":{"line":114,"column":16}},"42":{"start":{"line":116,"column":4},"end":{"line":116,"column":62}},"43":{"start":{"line":117,"column":4},"end":{"line":117,"column":17}}},"fnMap":{"0":{"name":"initDb","decl":{"start":{"line":31,"column":16},"end":{"line":31,"column":22}},"loc":{"start":{"line":31,"column":22},"end":{"line":46,"column":1}}},"1":{"name":"executeQuery","decl":{"start":{"line":49,"column":16},"end":{"line":49,"column":28}},"loc":{"start":{"line":49,"column":58},"end":{"line":83,"column":1}}},"2":{"name":"(anonymous_2)","decl":{"start":{"line":59,"column":32},"end":{"line":59,"column":38}},"loc":{"start":{"line":59,"column":42},"end":{"line":59,"column":96}}},"3":{"name":"getDb","decl":{"start":{"line":85,"column":16},"end":{"line":85,"column":21}},"loc":{"start":{"line":85,"column":21},"end":{"line":109,"column":1}}},"4":{"name":"(anonymous_4)","decl":{"start":{"line":88,"column":9},"end":{"line":88,"column":10}},"loc":{"start":{"line":88,"column":58},"end":{"line":99,"column":5}}},"5":{"name":"(anonymous_5)","decl":{"start":{"line":100,"column":9},"end":{"line":100,"column":10}},"loc":{"start":{"line":100,"column":70},"end":{"line":107,"column":5}}},"6":{"name":"checkDbConnection","decl":{"start":{"line":112,"column":16},"end":{"line":112,"column":33}},"loc":{"start":{"line":112,"column":33},"end":{"line":119,"column":1}}}},"branchMap":{"0":{"loc":{"start":{"line":53,"column":2},"end":{"line":62,"column":3}},"type":"if","locations":[{"start":{"line":53,"column":2},"end":{"line":62,"column":3}}]},"1":{"loc":{"start":{"line":56,"column":4},"end":{"line":60,"column":5}},"type":"if","locations":[{"start":{"line":56,"column":4},"end":{"line":60,"column":5}}]},"2":{"loc":{"start":{"line":64,"column":2},"end":{"line":80,"column":3}},"type":"if","locations":[{"start":{"line":64,"column":2},"end":{"line":80,"column":3}}]},"3":{"loc":{"start":{"line":67,"column":4},"end":{"line":79,"column":5}},"type":"if","locations":[{"start":{"line":67,"column":4},"end":{"line":79,"column":5}}]},"4":{"loc":{"start":{"line":91,"column":8},"end":{"line":93,"column":9}},"type":"if","locations":[{"start":{"line":91,"column":8},"end":{"line":93,"column":9}}]},"5":{"loc":{"start":{"line":95,"column":8},"end":{"line":97,"column":9}},"type":"if","locations":[{"start":{"line":95,"column":8},"end":{"line":97,"column":9}}]}},"s":{"0":1,"1":1,"2":1,"3":1,"4":1,"5":1,"6":1,"7":1,"8":1,"9":1,"10":0,"11":0,"12":0,"13":0,"14":3,"15":3,"16":0,"17":0,"18":0,"19":0,"20":0,"21":0,"22":3,"23":3,"24":3,"25":3,"26":3,"27":3,"28":0,"29":3,"30":3,"31":3,"32":3,"33":3,"34":0,"35":0,"36":0,"37":0,"38":0,"39":0,"40":0,"41":0,"42":0,"43":0},"f":{"0":0,"1":3,"2":0,"3":3,"4":3,"5":0,"6":0},"b":{"0":[0],"1":[0],"2":[3],"3":[3],"4":[3],"5":[0]}}
,"/Volumes/DATA/Binar/Module 13/demo-repository/weather-report/source/weatherService.ts": {"path":"/Volumes/DATA/Binar/Module 13/demo-repository/weather-report/source/weatherService.ts","statementMap":{"0":{"start":{"line":9,"column":0},"end":{"line":9,"column":7}},"1":{"start":{"line":55,"column":0},"end":{"line":55,"column":16}},"2":{"start":{"line":80,"column":0},"end":{"line":80,"column":16}},"3":{"start":{"line":2,"column":0},"end":{"line":2,"column":49}},"4":{"start":{"line":6,"column":16},"end":{"line":6,"column":50}},"5":{"start":{"line":7,"column":24},"end":{"line":7,"column":68}},"6":{"start":{"line":10,"column":2},"end":{"line":32,"column":3}},"7":{"start":{"line":13,"column":4},"end":{"line":13,"column":73}},"8":{"start":{"line":16,"column":37},"end":{"line":23,"column":6}},"9":{"start":{"line":26,"column":4},"end":{"line":26,"column":33}},"10":{"start":{"line":28,"column":4},"end":{"line":28,"column":23}},"11":{"start":{"line":30,"column":4},"end":{"line":30,"column":57}},"12":{"start":{"line":31,"column":4},"end":{"line":31,"column":57}},"13":{"start":{"line":36,"column":13},"end":{"line":36,"column":20}},"14":{"start":{"line":39,"column":16},"end":{"line":43,"column":4}},"15":{"start":{"line":46,"column":2},"end":{"line":52,"column":5}},"16":{"start":{"line":47,"column":4},"end":{"line":51,"column":5}},"17":{"start":{"line":48,"column":6},"end":{"line":48,"column":63}},"18":{"start":{"line":50,"column":6},"end":{"line":50,"column":53}},"19":{"start":{"line":56,"column":2},"end":{"line":76,"column":5}},"20":{"start":{"line":57,"column":15},"end":{"line":57,"column":22}},"21":{"start":{"line":60,"column":16},"end":{"line":60,"column":67}},"22":{"start":{"line":63,"column":4},"end":{"line":65,"column":5}},"23":{"start":{"line":64,"column":6},"end":{"line":64,"column":53}},"24":{"start":{"line":68,"column":4},"end":{"line":75,"column":7}},"25":{"start":{"line":69,"column":6},"end":{"line":74,"column":7}},"26":{"start":{"line":70,"column":8},"end":{"line":70,"column":52}},"27":{"start":{"line":71,"column":8},"end":{"line":71,"column":20}},"28":{"start":{"line":73,"column":8},"end":{"line":73,"column":39}},"29":{"start":{"line":82,"column":17},"end":{"line":82,"column":26}},"30":{"start":{"line":83,"column":16},"end":{"line":83,"column":24}},"31":{"start":{"line":84,"column":16},"end":{"line":84,"column":17}},"32":{"start":{"line":85,"column":21},"end":{"line":85,"column":30}},"33":{"start":{"line":86,"column":20},"end":{"line":86,"column":28}},"34":{"start":{"line":87,"column":20},"end":{"line":87,"column":21}},"35":{"start":{"line":88,"column":17},"end":{"line":88,"column":26}},"36":{"start":{"line":89,"column":16},"end":{"line":89,"column":24}},"37":{"start":{"line":90,"column":16},"end":{"line":90,"column":17}},"38":{"start":{"line":93,"column":2},"end":{"line":120,"column":3}},"39":{"start":{"line":93,"column":15},"end":{"line":93,"column":16}},"40":{"start":{"line":95,"column":4},"end":{"line":97,"column":5}},"41":{"start":{"line":96,"column":6},"end":{"line":96,"column":38}},"42":{"start":{"line":98,"column":4},"end":{"line":100,"column":5}},"43":{"start":{"line":99,"column":6},"end":{"line":99,"column":37}},"44":{"start":{"line":101,"column":4},"end":{"line":101,"column":36}},"45":{"start":{"line":104,"column":4},"end":{"line":106,"column":5}},"46":{"start":{"line":105,"column":6},"end":{"line":105,"column":39}},"47":{"start":{"line":107,"column":4},"end":{"line":109,"column":5}},"48":{"start":{"line":108,"column":6},"end":{"line":108,"column":38}},"49":{"start":{"line":110,"column":4},"end":{"line":110,"column":37}},"50":{"start":{"line":113,"column":4},"end":{"line":115,"column":5}},"51":{"start":{"line":114,"column":6},"end":{"line":114,"column":37}},"52":{"start":{"line":116,"column":4},"end":{"line":118,"column":5}},"53":{"start":{"line":117,"column":6},"end":{"line":117,"column":36}},"54":{"start":{"line":119,"column":4},"end":{"line":119,"column":35}},"55":{"start":{"line":122,"column":2},"end":{"line":122,"column":25}},"56":{"start":{"line":123,"column":2},"end":{"line":123,"column":29}},"57":{"start":{"line":124,"column":2},"end":{"line":124,"column":25}},"58":{"start":{"line":127,"column":19},"end":{"line":144,"column":4}},"59":{"start":{"line":146,"column":2},"end":{"line":146,"column":18}},"60":{"start":{"line":151,"column":2},"end":{"line":151,"column":30}},"61":{"start":{"line":156,"column":2},"end":{"line":156,"column":33}},"62":{"start":{"line":161,"column":10},"end":{"line":161,"column":12}},"63":{"start":{"line":163,"column":2},"end":{"line":171,"column":3}},"64":{"start":{"line":164,"column":4},"end":{"line":164,"column":22}},"65":{"start":{"line":165,"column":9},"end":{"line":171,"column":3}},"66":{"start":{"line":166,"column":4},"end":{"line":166,"column":18}},"67":{"start":{"line":167,"column":9},"end":{"line":171,"column":3}},"68":{"start":{"line":168,"column":4},"end":{"line":168,"column":18}},"69":{"start":{"line":170,"column":4},"end":{"line":170,"column":18}},"70":{"start":{"line":173,"column":2},"end":{"line":179,"column":3}},"71":{"start":{"line":174,"column":4},"end":{"line":174,"column":24}},"72":{"start":{"line":175,"column":9},"end":{"line":179,"column":3}},"73":{"start":{"line":176,"column":4},"end":{"line":176,"column":19}},"74":{"start":{"line":178,"column":4},"end":{"line":178,"column":17}},"75":{"start":{"line":181,"column":2},"end":{"line":187,"column":3}},"76":{"start":{"line":182,"column":4},"end":{"line":182,"column":23}},"77":{"start":{"line":183,"column":9},"end":{"line":187,"column":3}},"78":{"start":{"line":184,"column":4},"end":{"line":184,"column":18}},"79":{"start":{"line":186,"column":4},"end":{"line":186,"column":23}},"80":{"start":{"line":189,"column":2},"end":{"line":189,"column":11}}},"fnMap":{"0":{"name":"getWeatherForCity","decl":{"start":{"line":9,"column":22},"end":{"line":9,"column":39}},"loc":{"start":{"line":9,"column":52},"end":{"line":33,"column":1}}},"1":{"name":"saveWeatherData","decl":{"start":{"line":35,"column":9},"end":{"line":35,"column":24}},"loc":{"start":{"line":35,"column":42},"end":{"line":53,"column":1}}},"2":{"name":"(anonymous_2)","decl":{"start":{"line":46,"column":16},"end":{"line":46,"column":25}},"loc":{"start":{"line":46,"column":33},"end":{"line":52,"column":3}}},"3":{"name":"getHistoricalWeather","decl":{"start":{"line":55,"column":16},"end":{"line":55,"column":36}},"loc":{"start":{"line":55,"column":68},"end":{"line":77,"column":1}}},"4":{"name":"(anonymous_4)","decl":{"start":{"line":56,"column":21},"end":{"line":56,"column":22}},"loc":{"start":{"line":56,"column":41},"end":{"line":76,"column":3}}},"5":{"name":"(anonymous_5)","decl":{"start":{"line":68,"column":18},"end":{"line":68,"column":19}},"loc":{"start":{"line":68,"column":42},"end":{"line":75,"column":5}}},"6":{"name":"processAndAnalyzeWeatherData","decl":{"start":{"line":80,"column":16},"end":{"line":80,"column":44}},"loc":{"start":{"line":80,"column":64},"end":{"line":147,"column":1}}},"7":{"name":"convertCelsiusToFahrenheit","decl":{"start":{"line":150,"column":9},"end":{"line":150,"column":35}},"loc":{"start":{"line":150,"column":51},"end":{"line":152,"column":1}}},"8":{"name":"convertFahrenheitToCelsius","decl":{"start":{"line":155,"column":9},"end":{"line":155,"column":35}},"loc":{"start":{"line":155,"column":54},"end":{"line":157,"column":1}}},"9":{"name":"generateWeatherSummary","decl":{"start":{"line":160,"column":9},"end":{"line":160,"column":31}},"loc":{"start":{"line":160,"column":63},"end":{"line":190,"column":1}}}},"branchMap":{"0":{"loc":{"start":{"line":47,"column":4},"end":{"line":51,"column":5}},"type":"if","locations":[{"start":{"line":47,"column":4},"end":{"line":51,"column":5}},{"start":{"line":49,"column":11},"end":{"line":51,"column":5}}]},"1":{"loc":{"start":{"line":63,"column":4},"end":{"line":65,"column":5}},"type":"if","locations":[{"start":{"line":63,"column":4},"end":{"line":65,"column":5}}]},"2":{"loc":{"start":{"line":69,"column":6},"end":{"line":74,"column":7}},"type":"if","locations":[{"start":{"line":69,"column":6},"end":{"line":74,"column":7}},{"start":{"line":72,"column":13},"end":{"line":74,"column":7}}]},"3":{"loc":{"start":{"line":95,"column":4},"end":{"line":97,"column":5}},"type":"if","locations":[{"start":{"line":95,"column":4},"end":{"line":97,"column":5}}]},"4":{"loc":{"start":{"line":98,"column":4},"end":{"line":100,"column":5}},"type":"if","locations":[{"start":{"line":98,"column":4},"end":{"line":100,"column":5}}]},"5":{"loc":{"start":{"line":104,"column":4},"end":{"line":106,"column":5}},"type":"if","locations":[{"start":{"line":104,"column":4},"end":{"line":106,"column":5}}]},"6":{"loc":{"start":{"line":107,"column":4},"end":{"line":109,"column":5}},"type":"if","locations":[{"start":{"line":107,"column":4},"end":{"line":109,"column":5}}]},"7":{"loc":{"start":{"line":113,"column":4},"end":{"line":115,"column":5}},"type":"if","locations":[{"start":{"line":113,"column":4},"end":{"line":115,"column":5}}]},"8":{"loc":{"start":{"line":116,"column":4},"end":{"line":118,"column":5}},"type":"if","locations":[{"start":{"line":116,"column":4},"end":{"line":118,"column":5}}]},"9":{"loc":{"start":{"line":163,"column":2},"end":{"line":171,"column":3}},"type":"if","locations":[{"start":{"line":163,"column":2},"end":{"line":171,"column":3}},{"start":{"line":165,"column":9},"end":{"line":171,"column":3}}]},"10":{"loc":{"start":{"line":165,"column":9},"end":{"line":171,"column":3}},"type":"if","locations":[{"start":{"line":165,"column":9},"end":{"line":171,"column":3}},{"start":{"line":167,"column":9},"end":{"line":171,"column":3}}]},"11":{"loc":{"start":{"line":167,"column":9},"end":{"line":171,"column":3}},"type":"if","locations":[{"start":{"line":167,"column":9},"end":{"line":171,"column":3}},{"start":{"line":169,"column":9},"end":{"line":171,"column":3}}]},"12":{"loc":{"start":{"line":173,"column":2},"end":{"line":179,"column":3}},"type":"if","locations":[{"start":{"line":173,"column":2},"end":{"line":179,"column":3}},{"start":{"line":175,"column":9},"end":{"line":179,"column":3}}]},"13":{"loc":{"start":{"line":175,"column":9},"end":{"line":179,"column":3}},"type":"if","locations":[{"start":{"line":175,"column":9},"end":{"line":179,"column":3}},{"start":{"line":177,"column":9},"end":{"line":179,"column":3}}]},"14":{"loc":{"start":{"line":181,"column":2},"end":{"line":187,"column":3}},"type":"if","locations":[{"start":{"line":181,"column":2},"end":{"line":187,"column":3}},{"start":{"line":183,"column":9},"end":{"line":187,"column":3}}]},"15":{"loc":{"start":{"line":183,"column":9},"end":{"line":187,"column":3}},"type":"if","locations":[{"start":{"line":183,"column":9},"end":{"line":187,"column":3}},{"start":{"line":185,"column":9},"end":{"line":187,"column":3}}]}},"s":{"0":1,"1":1,"2":1,"3":1,"4":1,"5":1,"6":3,"7":3,"8":3,"9":3,"10":3,"11":0,"12":0,"13":3,"14":3,"15":3,"16":3,"17":0,"18":3,"19":0,"20":0,"21":0,"22":0,"23":0,"24":0,"25":0,"26":0,"27":0,"28":0,"29":0,"30":0,"31":0,"32":0,"33":0,"34":0,"35":0,"36":0,"37":0,"38":0,"39":0,"40":0,"41":0,"42":0,"43":0,"44":0,"45":0,"46":0,"47":0,"48":0,"49":0,"50":0,"51":0,"52":0,"53":0,"54":0,"55":0,"56":0,"57":0,"58":0,"59":0,"60":0,"61":0,"62":0,"63":0,"64":0,"65":0,"66":0,"67":0,"68":0,"69":0,"70":0,"71":0,"72":0,"73":0,"74":0,"75":0,"76":0,"77":0,"78":0,"79":0,"80":0},"f":{"0":3,"1":3,"2":3,"3":0,"4":0,"5":0,"6":0,"7":0,"8":0,"9":0},"b":{"0":[0,3],"1":[0],"2":[0,0],"3":[0],"4":[0],"5":[0],"6":[0],"7":[0],"8":[0],"9":[0,0],"10":[0,0],"11":[0,0],"12":[0,0],"13":[0,0],"14":[0,0],"15":[0,0]}}
}
