TN:
SF:source/apiUtils.ts
FN:4,doStuff
FN:9,dynamicEval
FN:15,formatDate
FN:27,dateFormat
FN:41,calculateAverageTemperature
FN:43,(anonymous_5)
FN:47,calculateMedianTemperature
FN:51,(anonymous_7)
FN:64,getApiCredentials
FNF:9
FNH:0
FNDA:0,doStuff
FNDA:0,dynamicEval
FNDA:0,formatDate
FNDA:0,dateFormat
FNDA:0,calculateAverageTemperature
FNDA:0,(anonymous_5)
FNDA:0,calculateMedianTemperature
FNDA:0,(anonymous_7)
FNDA:0,getApiCredentials
DA:4,0
DA:5,0
DA:9,0
DA:11,0
DA:15,0
DA:16,0
DA:17,0
DA:18,0
DA:21,0
DA:22,0
DA:27,0
DA:28,0
DA:29,0
DA:30,0
DA:31,0
DA:32,0
DA:33,0
DA:35,0
DA:36,0
DA:41,0
DA:42,0
DA:43,0
DA:44,0
DA:47,0
DA:48,0
DA:51,0
DA:54,0
DA:56,0
DA:57,0
DA:59,0
DA:64,0
DA:66,0
LF:32
LH:0
BRDA:17,0,0,0
BRDA:17,0,1,0
BRDA:29,1,0,0
BRDA:29,1,1,0
BRDA:42,2,0,0
BRDA:48,3,0,0
BRDA:56,4,0,0
BRDA:56,4,1,0
BRF:8
BRH:0
end_of_record
TN:
SF:source/database.ts
FN:31,initDb
FN:49,executeQuery
FN:59,(anonymous_2)
FN:85,getDb
FN:88,(anonymous_4)
FN:100,(anonymous_5)
FN:112,checkDbConnection
FNF:7
FNH:3
FNDA:0,initDb
FNDA:3,executeQuery
FNDA:0,(anonymous_2)
FNDA:3,getDb
FNDA:3,(anonymous_4)
FNDA:0,(anonymous_5)
FNDA:0,checkDbConnection
DA:20,1
DA:23,1
DA:24,1
DA:27,1
DA:28,1
DA:29,1
DA:31,1
DA:33,0
DA:35,0
DA:38,0
DA:45,0
DA:49,1
DA:51,3
DA:53,3
DA:55,0
DA:56,0
DA:57,0
DA:59,0
DA:61,0
DA:64,3
DA:66,3
DA:67,3
DA:68,3
DA:77,3
DA:78,3
DA:82,0
DA:85,1
DA:87,3
DA:89,3
DA:90,3
DA:91,3
DA:92,3
DA:95,0
DA:96,0
DA:101,0
DA:102,0
DA:103,0
DA:105,0
DA:112,1
DA:113,0
DA:114,0
DA:116,0
DA:117,0
LF:43
LH:23
BRDA:53,0,0,0
BRDA:56,1,0,0
BRDA:64,2,0,3
BRDA:67,3,0,3
BRDA:91,4,0,3
BRDA:95,5,0,0
BRF:6
BRH:3
end_of_record
TN:
SF:source/weatherService.ts
FN:9,getWeatherForCity
FN:35,saveWeatherData
FN:46,(anonymous_2)
FN:55,getHistoricalWeather
FN:56,(anonymous_4)
FN:68,(anonymous_5)
FN:80,processAndAnalyzeWeatherData
FN:150,convertCelsiusToFahrenheit
FN:155,convertFahrenheitToCelsius
FN:160,generateWeatherSummary
FNF:10
FNH:3
FNDA:3,getWeatherForCity
FNDA:3,saveWeatherData
FNDA:3,(anonymous_2)
FNDA:0,getHistoricalWeather
FNDA:0,(anonymous_4)
FNDA:0,(anonymous_5)
FNDA:0,processAndAnalyzeWeatherData
FNDA:0,convertCelsiusToFahrenheit
FNDA:0,convertFahrenheitToCelsius
FNDA:0,generateWeatherSummary
DA:2,1
DA:6,1
DA:7,1
DA:9,1
DA:10,3
DA:13,3
DA:16,3
DA:26,3
DA:28,3
DA:30,0
DA:31,0
DA:36,3
DA:39,3
DA:46,3
DA:47,3
DA:48,0
DA:50,3
DA:55,1
DA:56,0
DA:57,0
DA:60,0
DA:63,0
DA:64,0
DA:68,0
DA:69,0
DA:70,0
DA:71,0
DA:73,0
DA:80,1
DA:82,0
DA:83,0
DA:84,0
DA:85,0
DA:86,0
DA:87,0
DA:88,0
DA:89,0
DA:90,0
DA:93,0
DA:95,0
DA:96,0
DA:98,0
DA:99,0
DA:101,0
DA:104,0
DA:105,0
DA:107,0
DA:108,0
DA:110,0
DA:113,0
DA:114,0
DA:116,0
DA:117,0
DA:119,0
DA:122,0
DA:123,0
DA:124,0
DA:127,0
DA:146,0
DA:151,0
DA:156,0
DA:161,0
DA:163,0
DA:164,0
DA:165,0
DA:166,0
DA:167,0
DA:168,0
DA:170,0
DA:173,0
DA:174,0
DA:175,0
DA:176,0
DA:178,0
DA:181,0
DA:182,0
DA:183,0
DA:184,0
DA:186,0
DA:189,0
LF:80
LH:16
BRDA:47,0,0,0
BRDA:47,0,1,3
BRDA:63,1,0,0
BRDA:69,2,0,0
BRDA:69,2,1,0
BRDA:95,3,0,0
BRDA:98,4,0,0
BRDA:104,5,0,0
BRDA:107,6,0,0
BRDA:113,7,0,0
BRDA:116,8,0,0
BRDA:163,9,0,0
BRDA:163,9,1,0
BRDA:165,10,0,0
BRDA:165,10,1,0
BRDA:167,11,0,0
BRDA:167,11,1,0
BRDA:173,12,0,0
BRDA:173,12,1,0
BRDA:175,13,0,0
BRDA:175,13,1,0
BRDA:181,14,0,0
BRDA:181,14,1,0
BRDA:183,15,0,0
BRDA:183,15,1,0
BRF:25
BRH:1
end_of_record
