TN:
SF:source/apiUtils.ts
FN:4,doStuff
FN:9,dynamicEval
FN:15,formatDate
FN:27,dateFormat
FN:41,calculateAverageTemperature
FN:43,(anonymous_5)
FN:47,calculateMedianTemperature
FN:51,(anonymous_7)
FN:64,getApiCredentials
FNF:9
FNH:0
FNDA:0,doStuff
FNDA:0,dynamicEval
FNDA:0,formatDate
FNDA:0,dateFormat
FNDA:0,calculateAverageTemperature
FNDA:0,(anonymous_5)
FNDA:0,calculateMedianTemperature
FNDA:0,(anonymous_7)
FNDA:0,getApiCredentials
DA:4,0
DA:5,0
DA:9,0
DA:11,0
DA:15,0
DA:16,0
DA:17,0
DA:18,0
DA:21,0
DA:22,0
DA:27,0
DA:28,0
DA:29,0
DA:30,0
DA:31,0
DA:32,0
DA:33,0
DA:35,0
DA:36,0
DA:41,0
DA:42,0
DA:43,0
DA:44,0
DA:47,0
DA:48,0
DA:51,0
DA:54,0
DA:56,0
DA:57,0
DA:59,0
DA:64,0
DA:66,0
LF:32
LH:0
BRDA:17,0,0,0
BRDA:17,0,1,0
BRDA:29,1,0,0
BRDA:29,1,1,0
BRDA:42,2,0,0
BRDA:48,3,0,0
BRDA:56,4,0,0
BRDA:56,4,1,0
BRF:8
BRH:0
end_of_record
TN:
SF:source/app.ts
FN:28,(anonymous_10)
FN:37,(anonymous_11)
FN:42,checkSystemHealth
FNF:3
FNH:0
FNDA:0,(anonymous_10)
FNDA:0,(anonymous_11)
FNDA:0,checkSystemHealth
DA:1,0
DA:2,0
DA:3,0
DA:4,0
DA:5,0
DA:6,0
DA:7,0
DA:10,0
DA:12,0
DA:13,0
DA:16,0
DA:17,0
DA:18,0
DA:19,0
DA:22,0
DA:25,0
DA:28,0
DA:29,0
DA:30,0
DA:37,0
DA:38,0
DA:43,0
DA:46,0
DA:47,0
DA:49,0
DA:68,0
LF:26
LH:0
BRDA:13,0,0,0
BRDA:13,0,1,0
BRF:2
BRH:0
end_of_record
TN:
SF:source/database.ts
FN:31,initDb
FN:49,executeQuery
FN:59,(anonymous_2)
FN:85,getDb
FN:88,(anonymous_4)
FN:100,(anonymous_5)
FN:112,checkDbConnection
FNF:7
FNH:5
FNDA:0,initDb
FNDA:6,executeQuery
FNDA:8,(anonymous_2)
FNDA:6,getDb
FNDA:4,(anonymous_4)
FNDA:2,(anonymous_5)
FNDA:0,checkDbConnection
DA:20,1
DA:23,1
DA:24,1
DA:27,1
DA:28,1
DA:29,1
DA:31,1
DA:33,0
DA:35,0
DA:38,0
DA:45,0
DA:49,1
DA:51,6
DA:53,6
DA:55,2
DA:56,2
DA:57,2
DA:59,8
DA:61,0
DA:64,4
DA:66,4
DA:67,4
DA:68,4
DA:77,4
DA:78,4
DA:82,0
DA:85,1
DA:87,6
DA:89,4
DA:90,4
DA:91,4
DA:92,4
DA:95,0
DA:96,0
DA:101,2
DA:102,2
DA:103,2
DA:105,0
DA:112,1
DA:113,0
DA:114,0
DA:116,0
DA:117,0
LF:43
LH:30
BRDA:53,0,0,2
BRDA:56,1,0,2
BRDA:64,2,0,4
BRDA:67,3,0,4
BRDA:91,4,0,4
BRDA:95,5,0,0
BRF:6
BRH:5
end_of_record
TN:
SF:source/weatherController.ts
FN:6,getWeather
FN:32,getCityHistory
FN:59,getWeatherAnalysis
FN:66,(anonymous_3)
FN:99,exportWeatherData
FN:115,(anonymous_5)
FN:131,adminLogin
FNF:7
FNH:4
FNDA:1,getWeather
FNDA:1,getCityHistory
FNDA:1,getWeatherAnalysis
FNDA:1,(anonymous_3)
FNDA:0,exportWeatherData
FNDA:0,(anonymous_5)
FNDA:0,adminLogin
DA:2,1
DA:3,1
DA:6,1
DA:7,1
DA:9,1
DA:11,1
DA:12,0
DA:13,0
DA:16,1
DA:17,1
DA:22,0
DA:23,0
DA:32,1
DA:33,1
DA:35,1
DA:36,1
DA:38,1
DA:39,0
DA:40,0
DA:43,1
DA:44,1
DA:49,0
DA:50,0
DA:59,1
DA:60,1
DA:62,1
DA:63,1
DA:66,1
DA:67,1
DA:68,0
DA:69,0
DA:70,0
DA:73,1
DA:74,0
DA:75,0
DA:79,1
DA:82,1
DA:90,0
DA:91,0
DA:99,1
DA:101,0
DA:102,0
DA:104,0
DA:105,0
DA:106,0
DA:109,0
DA:110,0
DA:112,0
DA:114,0
DA:115,0
DA:116,0
DA:119,0
DA:120,0
DA:121,0
DA:123,0
DA:126,0
DA:131,1
DA:132,0
DA:135,0
DA:136,0
DA:141,0
LF:61
LH:26
BRDA:11,0,0,0
BRDA:38,1,0,0
BRDA:67,2,0,0
BRDA:73,3,0,0
BRDA:101,4,0,0
BRDA:101,4,1,0
BRDA:104,5,0,0
BRDA:112,6,0,0
BRDA:112,6,1,0
BRDA:135,7,0,0
BRDA:135,7,1,0
BRDA:135,8,0,0
BRDA:135,8,1,0
BRF:13
BRH:0
end_of_record
TN:
SF:source/weatherRoutes.ts
FN:37,(anonymous_1)
FNF:1
FNH:1
FNDA:1,(anonymous_1)
DA:1,1
DA:2,1
DA:9,1
DA:12,1
DA:13,1
DA:14,1
DA:15,1
DA:37,1
DA:38,1
DA:41,1
LF:10
LH:10
BRF:0
BRH:0
end_of_record
TN:
SF:source/weatherService.ts
FN:9,getWeatherForCity
FN:35,saveWeatherData
FN:46,(anonymous_2)
FN:55,getHistoricalWeather
FN:56,(anonymous_4)
FN:68,(anonymous_5)
FN:80,processAndAnalyzeWeatherData
FN:150,convertCelsiusToFahrenheit
FN:155,convertFahrenheitToCelsius
FN:160,generateWeatherSummary
FNF:10
FNH:8
FNDA:4,getWeatherForCity
FNDA:4,saveWeatherData
FNDA:4,(anonymous_2)
FNDA:1,getHistoricalWeather
FNDA:1,(anonymous_4)
FNDA:1,(anonymous_5)
FNDA:1,processAndAnalyzeWeatherData
FNDA:0,convertCelsiusToFahrenheit
FNDA:0,convertFahrenheitToCelsius
FNDA:1,generateWeatherSummary
DA:2,1
DA:6,1
DA:7,1
DA:9,1
DA:10,4
DA:13,4
DA:16,4
DA:26,4
DA:28,4
DA:30,0
DA:31,0
DA:36,4
DA:39,4
DA:46,4
DA:47,4
DA:48,0
DA:50,4
DA:55,1
DA:56,1
DA:57,1
DA:60,1
DA:63,1
DA:64,0
DA:68,1
DA:69,1
DA:70,0
DA:71,0
DA:73,1
DA:80,1
DA:82,1
DA:83,1
DA:84,1
DA:85,1
DA:86,1
DA:87,1
DA:88,1
DA:89,1
DA:90,1
DA:93,1
DA:95,2
DA:96,1
DA:98,2
DA:99,2
DA:101,2
DA:104,2
DA:105,2
DA:107,2
DA:108,1
DA:110,2
DA:113,2
DA:114,2
DA:116,2
DA:117,1
DA:119,2
DA:122,1
DA:123,1
DA:124,1
DA:127,1
DA:146,1
DA:151,0
DA:156,0
DA:161,1
DA:163,1
DA:164,0
DA:165,1
DA:166,0
DA:167,1
DA:168,0
DA:170,1
DA:173,1
DA:174,0
DA:175,1
DA:176,1
DA:178,0
DA:181,1
DA:182,0
DA:183,1
DA:184,1
DA:186,0
DA:189,1
LF:80
LH:65
BRDA:47,0,0,0
BRDA:47,0,1,4
BRDA:63,1,0,0
BRDA:69,2,0,0
BRDA:69,2,1,1
BRDA:95,3,0,1
BRDA:98,4,0,2
BRDA:104,5,0,2
BRDA:107,6,0,1
BRDA:113,7,0,2
BRDA:116,8,0,1
BRDA:163,9,0,0
BRDA:163,9,1,1
BRDA:165,10,0,0
BRDA:165,10,1,1
BRDA:167,11,0,0
BRDA:167,11,1,1
BRDA:173,12,0,0
BRDA:173,12,1,1
BRDA:175,13,0,1
BRDA:175,13,1,0
BRDA:181,14,0,0
BRDA:181,14,1,1
BRDA:183,15,0,1
BRDA:183,15,1,0
BRF:25
BRH:15
end_of_record
